<?xml version="1.0" encoding="utf-8"?>
<test-run id="2" testcasecount="64" result="Failed(Child)" total="64" passed="56" failed="8" inconclusive="0" skipped="0" asserts="0" engine-version="3.5.0.0" clr-version="4.0.30319.42000" start-time="2026-05-26 11:11:02Z" end-time="2026-05-26 11:11:03Z" duration="0.1605313">
  <test-suite type="TestSuite" id="1088" name="WarSimulation1" fullname="WarSimulation1" runstate="Runnable" testcasecount="64" result="Failed" site="Child" start-time="2026-05-26 11:11:02Z" end-time="2026-05-26 11:11:03Z" duration="0.160531" total="64" passed="56" failed="8" inconclusive="0" skipped="0" asserts="0">
    <properties>
      <property name="platform" value="EditMode" />
    </properties>
    <failure>
      <message><![CDATA[One or more child tests had errors]]></message>
    </failure>
    <test-suite type="Assembly" id="1079" name="EditModeTests.dll" fullname="/Users/fukutomi/Unity/WarSimulation/Library/ScriptAssemblies/EditModeTests.dll" runstate="Runnable" testcasecount="64" result="Failed" site="Child" start-time="2026-05-26 11:11:02Z" end-time="2026-05-26 11:11:03Z" duration="0.154533" total="64" passed="56" failed="8" inconclusive="0" skipped="0" asserts="0">
      <properties>
        <property name="_PID" value="33561" />
        <property name="_APPDOMAIN" value="Unity Child Domain" />
        <property name="platform" value="EditMode" />
        <property name="EditorOnly" value="True" />
      </properties>
      <failure>
        <message><![CDATA[One or more child tests had errors]]></message>
      </failure>
      <test-suite type="TestFixture" id="1001" name="BridgePhaseTests" fullname="BridgePhaseTests" classname="BridgePhaseTests" runstate="Runnable" testcasecount="5" result="Passed" start-time="2026-05-26 11:11:02Z" end-time="2026-05-26 11:11:02Z" duration="0.024028" total="5" passed="5" failed="0" inconclusive="0" skipped="0" asserts="0">
        <properties />
        <test-case id="1002" name="Execute_SetsBridgeScaleFromRiverWidth" fullname="BridgePhaseTests.Execute_SetsBridgeScaleFromRiverWidth" methodname="Execute_SetsBridgeScaleFromRiverWidth" classname="BridgePhaseTests" runstate="Runnable" seed="1870785523" result="Passed" start-time="2026-05-26 11:11:02Z" end-time="2026-05-26 11:11:02Z" duration="0.011732" asserts="0">
          <properties>
            <property name="retryIteration" value="0" />
            <property name="repeatIteration" value="0" />
          </properties>
        </test-case>
        <test-case id="1003" name="ExistingPlacedFeatureConstructors_DefaultScaleToOne" fullname="BridgePhaseTests.ExistingPlacedFeatureConstructors_DefaultScaleToOne" methodname="ExistingPlacedFeatureConstructors_DefaultScaleToOne" classname="BridgePhaseTests" runstate="Runnable" seed="2018844550" result="Passed" start-time="2026-05-26 11:11:02Z" end-time="2026-05-26 11:11:02Z" duration="0.000483" asserts="0">
          <properties>
            <property name="retryIteration" value="0" />
            <property name="repeatIteration" value="0" />
          </properties>
        </test-case>
        <test-case id="1004" name="NavAreaVolumes_BridgeCutsRiverGridCellBackToWalkable" fullname="BridgePhaseTests.NavAreaVolumes_BridgeCutsRiverGridCellBackToWalkable" methodname="NavAreaVolumes_BridgeCutsRiverGridCellBackToWalkable" classname="BridgePhaseTests" runstate="Runnable" seed="284019448" result="Passed" start-time="2026-05-26 11:11:02Z" end-time="2026-05-26 11:11:02Z" duration="0.002927" asserts="0">
          <properties>
            <property name="retryIteration" value="0" />
            <property name="repeatIteration" value="0" />
          </properties>
        </test-case>
        <test-case id="1006" name="NavAreaVolumes_EmitsLakeAndFrozenLakeAreas" fullname="BridgePhaseTests.NavAreaVolumes_EmitsLakeAndFrozenLakeAreas" methodname="NavAreaVolumes_EmitsLakeAndFrozenLakeAreas" classname="BridgePhaseTests" runstate="Runnable" seed="1060205465" result="Passed" start-time="2026-05-26 11:11:02Z" end-time="2026-05-26 11:11:02Z" duration="0.000604" asserts="0">
          <properties>
            <property name="retryIteration" value="0" />
            <property name="repeatIteration" value="0" />
          </properties>
        </test-case>
        <test-case id="1005" name="NavAreaVolumes_RiverOverridesForestAndSnowOverridesForest" fullname="BridgePhaseTests.NavAreaVolumes_RiverOverridesForestAndSnowOverridesForest" methodname="NavAreaVolumes_RiverOverridesForestAndSnowOverridesForest" classname="BridgePhaseTests" runstate="Runnable" seed="425230524" result="Passed" start-time="2026-05-26 11:11:02Z" end-time="2026-05-26 11:11:02Z" duration="0.000769" asserts="0">
          <properties>
            <property name="retryIteration" value="0" />
            <property name="repeatIteration" value="0" />
          </properties>
        </test-case>
      </test-suite>
      <test-suite type="TestFixture" id="1007" name="CombatAiContextCollectorTests" fullname="CombatAiContextCollectorTests" classname="CombatAiContextCollectorTests" runstate="Runnable" testcasecount="2" result="Failed" site="Child" start-time="2026-05-26 11:11:02Z" end-time="2026-05-26 11:11:02Z" duration="0.019352" total="2" passed="0" failed="2" inconclusive="0" skipped="0" asserts="0">
        <properties />
        <failure>
          <message><![CDATA[One or more child tests had errors]]></message>
        </failure>
        <test-case id="1008" name="Collect_GathersCharactersMapFeaturesTerrainAndStatus" fullname="CombatAiContextCollectorTests.Collect_GathersCharactersMapFeaturesTerrainAndStatus" methodname="Collect_GathersCharactersMapFeaturesTerrainAndStatus" classname="CombatAiContextCollectorTests" runstate="Runnable" seed="883595940" result="Failed" label="Error" start-time="2026-05-26 11:11:02Z" end-time="2026-05-26 11:11:02Z" duration="0.005378" asserts="0">
          <properties>
            <property name="retryIteration" value="0" />
            <property name="repeatIteration" value="0" />
          </properties>
          <failure>
            <message><![CDATA[System.NullReferenceException : Object reference not set to an instance of an object]]></message>
            <stack-trace><![CDATA[  at CombatAiContextCollectorTests.SetPrivateField (System.Object target, System.String fieldName, System.Object value) [0x00000] in /Users/fukutomi/Unity/WarSimulation/Assets/Tests/EditMode/CombatAiContextCollectorTests.cs:211 
  at CombatAiContextCollectorTests.CreateFixture () [0x002e7] in /Users/fukutomi/Unity/WarSimulation/Assets/Tests/EditMode/CombatAiContextCollectorTests.cs:147 
  at CombatAiContextCollectorTests.Collect_GathersCharactersMapFeaturesTerrainAndStatus () [0x00000] in /Users/fukutomi/Unity/WarSimulation/Assets/Tests/EditMode/CombatAiContextCollectorTests.cs:12 
  at (wrapper managed-to-native) System.Reflection.RuntimeMethodInfo.InternalInvoke(System.Reflection.RuntimeMethodInfo,object,object[],System.Exception&)
  at System.Reflection.RuntimeMethodInfo.Invoke (System.Object obj, System.Reflection.BindingFlags invokeAttr, System.Reflection.Binder binder, System.Object[] parameters, System.Globalization.CultureInfo culture) [0x0006a] in <67e9686a86934ae8b0ef7cc81c6b4608>:0 ]]></stack-trace>
          </failure>
        </test-case>
        <test-case id="1009" name="Collect_WithoutSystems_ReturnsEmptyContext" fullname="CombatAiContextCollectorTests.Collect_WithoutSystems_ReturnsEmptyContext" methodname="Collect_WithoutSystems_ReturnsEmptyContext" classname="CombatAiContextCollectorTests" runstate="Runnable" seed="990950434" result="Failed" start-time="2026-05-26 11:11:02Z" end-time="2026-05-26 11:11:02Z" duration="0.008696" asserts="0">
          <properties>
            <property name="retryIteration" value="0" />
            <property name="repeatIteration" value="0" />
          </properties>
          <failure>
            <message><![CDATA[  Expected: <empty>
  But was:  < <VisibleEnemy (Character)> >
]]></message>
            <stack-trace><![CDATA[at CombatAiContextCollectorTests.Collect_WithoutSystems_ReturnsEmptyContext () [0x00039] in /Users/fukutomi/Unity/WarSimulation/Assets/Tests/EditMode/CombatAiContextCollectorTests.cs:89
]]></stack-trace>
          </failure>
        </test-case>
      </test-suite>
      <test-suite type="TestFixture" id="1010" name="CombatHealthAttackTests" fullname="CombatHealthAttackTests" classname="CombatHealthAttackTests" runstate="Runnable" testcasecount="8" result="Failed" site="Child" start-time="2026-05-26 11:11:02Z" end-time="2026-05-26 11:11:02Z" duration="0.011091" total="8" passed="7" failed="1" inconclusive="0" skipped="0" asserts="0">
        <properties />
        <failure>
          <message><![CDATA[One or more child tests had errors]]></message>
        </failure>
        <test-case id="1014" name="Attack_AppliesWeaponDamageAndCooldown" fullname="CombatHealthAttackTests.Attack_AppliesWeaponDamageAndCooldown" methodname="Attack_AppliesWeaponDamageAndCooldown" classname="CombatHealthAttackTests" runstate="Runnable" seed="311403843" result="Passed" start-time="2026-05-26 11:11:02Z" end-time="2026-05-26 11:11:02Z" duration="0.001278" asserts="0">
          <properties>
            <property name="retryIteration" value="0" />
            <property name="repeatIteration" value="0" />
          </properties>
        </test-case>
        <test-case id="1015" name="Attack_RejectsSameTeamRangeAndRetreatingTargets" fullname="CombatHealthAttackTests.Attack_RejectsSameTeamRangeAndRetreatingTargets" methodname="Attack_RejectsSameTeamRangeAndRetreatingTargets" classname="CombatHealthAttackTests" runstate="Runnable" seed="1102478770" result="Passed" start-time="2026-05-26 11:11:02Z" end-time="2026-05-26 11:11:02Z" duration="0.000711" asserts="0">
          <properties>
            <property name="retryIteration" value="0" />
            <property name="repeatIteration" value="0" />
          </properties>
        </test-case>
        <test-case id="1018" name="BibleAndRosary_IncludeDefaultSupportSkills" fullname="CombatHealthAttackTests.BibleAndRosary_IncludeDefaultSupportSkills" methodname="BibleAndRosary_IncludeDefaultSupportSkills" classname="CombatHealthAttackTests" runstate="Runnable" seed="1511045863" result="Passed" start-time="2026-05-26 11:11:02Z" end-time="2026-05-26 11:11:02Z" duration="0.000700" asserts="0">
          <properties>
            <property name="retryIteration" value="0" />
            <property name="repeatIteration" value="0" />
          </properties>
        </test-case>
        <test-case id="1016" name="CharacterSystem_ResolvesHomePositionFromTeamMainStoneOrInitialPosition" fullname="CombatHealthAttackTests.CharacterSystem_ResolvesHomePositionFromTeamMainStoneOrInitialPosition" methodname="CharacterSystem_ResolvesHomePositionFromTeamMainStoneOrInitialPosition" classname="CombatHealthAttackTests" runstate="Runnable" seed="574967651" result="Failed" start-time="2026-05-26 11:11:02Z" end-time="2026-05-26 11:11:02Z" duration="0.001438" asserts="0">
          <properties>
            <property name="retryIteration" value="0" />
            <property name="repeatIteration" value="0" />
          </properties>
          <failure>
            <message><![CDATA[  Expected: (1.00, 0.00, 2.00)
  But was:  (1.00, 0.00, 1.00)
]]></message>
            <stack-trace><![CDATA[at CombatHealthAttackTests.CharacterSystem_ResolvesHomePositionFromTeamMainStoneOrInitialPosition () [0x00138] in /Users/fukutomi/Unity/WarSimulation/Assets/Tests/EditMode/CombatHealthAttackTests.cs:176
]]></stack-trace>
          </failure>
        </test-case>
        <test-case id="1013" name="Health_DoesNotMarkRetreatDestinationWhenReturnMoveCannotStart" fullname="CombatHealthAttackTests.Health_DoesNotMarkRetreatDestinationWhenReturnMoveCannotStart" methodname="Health_DoesNotMarkRetreatDestinationWhenReturnMoveCannotStart" classname="CombatHealthAttackTests" runstate="Runnable" seed="1942249639" result="Passed" start-time="2026-05-26 11:11:02Z" end-time="2026-05-26 11:11:02Z" duration="0.000550" asserts="0">
          <properties>
            <property name="retryIteration" value="0" />
            <property name="repeatIteration" value="0" />
          </properties>
        </test-case>
        <test-case id="1011" name="Health_EntersRetreatWhenHpReachesZero" fullname="CombatHealthAttackTests.Health_EntersRetreatWhenHpReachesZero" methodname="Health_EntersRetreatWhenHpReachesZero" classname="CombatHealthAttackTests" runstate="Runnable" seed="1624380077" result="Passed" start-time="2026-05-26 11:11:02Z" end-time="2026-05-26 11:11:02Z" duration="0.000239" asserts="0">
          <properties>
            <property name="retryIteration" value="0" />
            <property name="repeatIteration" value="0" />
          </properties>
        </test-case>
        <test-case id="1012" name="Health_RestoreFullReturnsToActive" fullname="CombatHealthAttackTests.Health_RestoreFullReturnsToActive" methodname="Health_RestoreFullReturnsToActive" classname="CombatHealthAttackTests" runstate="Runnable" seed="2057569032" result="Passed" start-time="2026-05-26 11:11:02Z" end-time="2026-05-26 11:11:02Z" duration="0.000259" asserts="0">
          <properties>
            <property name="retryIteration" value="0" />
            <property name="repeatIteration" value="0" />
          </properties>
        </test-case>
        <test-case id="1017" name="Weapons_ExposeExpectedCombatValues" fullname="CombatHealthAttackTests.Weapons_ExposeExpectedCombatValues" methodname="Weapons_ExposeExpectedCombatValues" classname="CombatHealthAttackTests" runstate="Runnable" seed="1268481405" result="Passed" start-time="2026-05-26 11:11:02Z" end-time="2026-05-26 11:11:02Z" duration="0.000513" asserts="0">
          <properties>
            <property name="retryIteration" value="0" />
            <property name="repeatIteration" value="0" />
          </properties>
        </test-case>
      </test-suite>
      <test-suite type="TestFixture" id="1019" name="CombatMapSystemTests" fullname="CombatMapSystemTests" classname="CombatMapSystemTests" runstate="Runnable" testcasecount="5" result="Passed" start-time="2026-05-26 11:11:02Z" end-time="2026-05-26 11:11:02Z" duration="0.014237" total="5" passed="5" failed="0" inconclusive="0" skipped="0" asserts="0">
        <properties />
        <test-case id="1021" name="TryGetTerrainInfo_ReportsOutOfBoundsButSamplesClampedEdge" fullname="CombatMapSystemTests.TryGetTerrainInfo_ReportsOutOfBoundsButSamplesClampedEdge" methodname="TryGetTerrainInfo_ReportsOutOfBoundsButSamplesClampedEdge" classname="CombatMapSystemTests" runstate="Runnable" seed="1437437548" result="Passed" start-time="2026-05-26 11:11:02Z" end-time="2026-05-26 11:11:02Z" duration="0.001011" asserts="0">
          <properties>
            <property name="retryIteration" value="0" />
            <property name="repeatIteration" value="0" />
          </properties>
        </test-case>
        <test-case id="1020" name="TryGetTerrainInfo_ReturnsBaseTerrainInfoAtWorldPosition" fullname="CombatMapSystemTests.TryGetTerrainInfo_ReturnsBaseTerrainInfoAtWorldPosition" methodname="TryGetTerrainInfo_ReturnsBaseTerrainInfoAtWorldPosition" classname="CombatMapSystemTests" runstate="Runnable" seed="217563754" result="Passed" start-time="2026-05-26 11:11:02Z" end-time="2026-05-26 11:11:02Z" duration="0.000356" asserts="0">
          <properties>
            <property name="retryIteration" value="0" />
            <property name="repeatIteration" value="0" />
          </properties>
        </test-case>
        <test-case id="1023" name="TryGetTerrainInfo_ReturnsCliffAndFrozenLakeFlags" fullname="CombatMapSystemTests.TryGetTerrainInfo_ReturnsCliffAndFrozenLakeFlags" methodname="TryGetTerrainInfo_ReturnsCliffAndFrozenLakeFlags" classname="CombatMapSystemTests" runstate="Runnable" seed="1821461042" result="Passed" start-time="2026-05-26 11:11:02Z" end-time="2026-05-26 11:11:02Z" duration="0.000232" asserts="0">
          <properties>
            <property name="retryIteration" value="0" />
            <property name="repeatIteration" value="0" />
          </properties>
        </test-case>
        <test-case id="1024" name="TryGetTerrainInfo_ReturnsUpwardNormalOnFlatMap" fullname="CombatMapSystemTests.TryGetTerrainInfo_ReturnsUpwardNormalOnFlatMap" methodname="TryGetTerrainInfo_ReturnsUpwardNormalOnFlatMap" classname="CombatMapSystemTests" runstate="Runnable" seed="1420284724" result="Passed" start-time="2026-05-26 11:11:02Z" end-time="2026-05-26 11:11:02Z" duration="0.000239" asserts="0">
          <properties>
            <property name="retryIteration" value="0" />
            <property name="repeatIteration" value="0" />
          </properties>
        </test-case>
        <test-case id="1022" name="TryGetTerrainInfo_UsesCurrentMapGroundStateAndBiome" fullname="CombatMapSystemTests.TryGetTerrainInfo_UsesCurrentMapGroundStateAndBiome" methodname="TryGetTerrainInfo_UsesCurrentMapGroundStateAndBiome" classname="CombatMapSystemTests" runstate="Runnable" seed="400177692" result="Passed" start-time="2026-05-26 11:11:02Z" end-time="2026-05-26 11:11:02Z" duration="0.000430" asserts="0">
          <properties>
            <property name="retryIteration" value="0" />
            <property name="repeatIteration" value="0" />
          </properties>
        </test-case>
      </test-suite>
      <test-suite type="TestFixture" id="1025" name="CombatSkillCooldownsTests" fullname="CombatSkillCooldownsTests" classname="CombatSkillCooldownsTests" runstate="Runnable" testcasecount="3" result="Passed" start-time="2026-05-26 11:11:02Z" end-time="2026-05-26 11:11:02Z" duration="0.008030" total="3" passed="3" failed="0" inconclusive="0" skipped="0" asserts="0">
        <properties />
        <test-case id="1028" name="CombatSkillCooldowns_ClearAllMakesSkillReady" fullname="CombatSkillCooldownsTests.CombatSkillCooldowns_ClearAllMakesSkillReady" methodname="CombatSkillCooldowns_ClearAllMakesSkillReady" classname="CombatSkillCooldownsTests" runstate="Runnable" seed="1011076965" result="Passed" start-time="2026-05-26 11:11:02Z" end-time="2026-05-26 11:11:02Z" duration="0.000819" asserts="0">
          <properties>
            <property name="retryIteration" value="0" />
            <property name="repeatIteration" value="0" />
          </properties>
        </test-case>
        <test-case id="1026" name="CombatSkillCooldowns_StartCooldownMarksSkillNotReady" fullname="CombatSkillCooldownsTests.CombatSkillCooldowns_StartCooldownMarksSkillNotReady" methodname="CombatSkillCooldowns_StartCooldownMarksSkillNotReady" classname="CombatSkillCooldownsTests" runstate="Runnable" seed="843783997" result="Passed" start-time="2026-05-26 11:11:02Z" end-time="2026-05-26 11:11:02Z" duration="0.000328" asserts="0">
          <properties>
            <property name="retryIteration" value="0" />
            <property name="repeatIteration" value="0" />
          </properties>
        </test-case>
        <test-case id="1027" name="CombatSkillCooldowns_ZeroCooldownSkillStaysReady" fullname="CombatSkillCooldownsTests.CombatSkillCooldowns_ZeroCooldownSkillStaysReady" methodname="CombatSkillCooldowns_ZeroCooldownSkillStaysReady" classname="CombatSkillCooldownsTests" runstate="Runnable" seed="1577942680" result="Passed" start-time="2026-05-26 11:11:02Z" end-time="2026-05-26 11:11:02Z" duration="0.000206" asserts="0">
          <properties>
            <property name="retryIteration" value="0" />
            <property name="repeatIteration" value="0" />
          </properties>
        </test-case>
      </test-suite>
      <test-suite type="TestFixture" id="1029" name="CombatStatusEffectsTests" fullname="CombatStatusEffectsTests" classname="CombatStatusEffectsTests" runstate="Runnable" testcasecount="6" result="Passed" start-time="2026-05-26 11:11:02Z" end-time="2026-05-26 11:11:02Z" duration="0.009810" total="6" passed="6" failed="0" inconclusive="0" skipped="0" asserts="0">
        <properties />
        <test-case id="1035" name="CombatAttack_DamageIsReducedWhenAttackerHasStrDebuff" fullname="CombatStatusEffectsTests.CombatAttack_DamageIsReducedWhenAttackerHasStrDebuff" methodname="CombatAttack_DamageIsReducedWhenAttackerHasStrDebuff" classname="CombatStatusEffectsTests" runstate="Runnable" seed="129608800" result="Passed" start-time="2026-05-26 11:11:02Z" end-time="2026-05-26 11:11:02Z" duration="0.000950" asserts="0">
          <properties>
            <property name="retryIteration" value="0" />
            <property name="repeatIteration" value="0" />
          </properties>
        </test-case>
        <test-case id="1032" name="CombatStatusEffects_AllowsDifferentKeysOnSameStat" fullname="CombatStatusEffectsTests.CombatStatusEffects_AllowsDifferentKeysOnSameStat" methodname="CombatStatusEffects_AllowsDifferentKeysOnSameStat" classname="CombatStatusEffectsTests" runstate="Runnable" seed="724660660" result="Passed" start-time="2026-05-26 11:11:02Z" end-time="2026-05-26 11:11:02Z" duration="0.000234" asserts="0">
          <properties>
            <property name="retryIteration" value="0" />
            <property name="repeatIteration" value="0" />
          </properties>
        </test-case>
        <test-case id="1030" name="CombatStatusEffects_ApplyReducesMultiplier" fullname="CombatStatusEffectsTests.CombatStatusEffects_ApplyReducesMultiplier" methodname="CombatStatusEffects_ApplyReducesMultiplier" classname="CombatStatusEffectsTests" runstate="Runnable" seed="1622390545" result="Passed" start-time="2026-05-26 11:11:02Z" end-time="2026-05-26 11:11:02Z" duration="0.000211" asserts="0">
          <properties>
            <property name="retryIteration" value="0" />
            <property name="repeatIteration" value="0" />
          </properties>
        </test-case>
        <test-case id="1034" name="CombatStatusEffects_ExpiredEffectIsRemoved" fullname="CombatStatusEffectsTests.CombatStatusEffects_ExpiredEffectIsRemoved" methodname="CombatStatusEffects_ExpiredEffectIsRemoved" classname="CombatStatusEffectsTests" runstate="Runnable" seed="296592087" result="Passed" start-time="2026-05-26 11:11:02Z" end-time="2026-05-26 11:11:02Z" duration="0.000651" asserts="0">
          <properties>
            <property name="retryIteration" value="0" />
            <property name="repeatIteration" value="0" />
          </properties>
        </test-case>
        <test-case id="1033" name="CombatStatusEffects_HasActiveEffectAndRemainingSeconds" fullname="CombatStatusEffectsTests.CombatStatusEffects_HasActiveEffectAndRemainingSeconds" methodname="CombatStatusEffects_HasActiveEffectAndRemainingSeconds" classname="CombatStatusEffectsTests" runstate="Runnable" seed="409209412" result="Passed" start-time="2026-05-26 11:11:02Z" end-time="2026-05-26 11:11:02Z" duration="0.000323" asserts="0">
          <properties>
            <property name="retryIteration" value="0" />
            <property name="repeatIteration" value="0" />
          </properties>
        </test-case>
        <test-case id="1031" name="CombatStatusEffects_UpdatesSameKeyEffectInsteadOfStacking" fullname="CombatStatusEffectsTests.CombatStatusEffects_UpdatesSameKeyEffectInsteadOfStacking" methodname="CombatStatusEffects_UpdatesSameKeyEffectInsteadOfStacking" classname="CombatStatusEffectsTests" runstate="Runnable" seed="1897750804" result="Passed" start-time="2026-05-26 11:11:02Z" end-time="2026-05-26 11:11:02Z" duration="0.000182" asserts="0">
          <properties>
            <property name="retryIteration" value="0" />
            <property name="repeatIteration" value="0" />
          </properties>
        </test-case>
      </test-suite>
      <test-suite type="TestFixture" id="1036" name="CombatTeamVisionTests" fullname="CombatTeamVisionTests" classname="CombatTeamVisionTests" runstate="Runnable" testcasecount="5" result="Failed" site="Child" start-time="2026-05-26 11:11:02Z" end-time="2026-05-26 11:11:02Z" duration="0.011394" total="5" passed="4" failed="1" inconclusive="0" skipped="0" asserts="0">
        <properties />
        <failure>
          <message><![CDATA[One or more child tests had errors]]></message>
        </failure>
        <test-case id="1037" name="CharacterSystem_AssignsTeamsFromLists" fullname="CombatTeamVisionTests.CharacterSystem_AssignsTeamsFromLists" methodname="CharacterSystem_AssignsTeamsFromLists" classname="CombatTeamVisionTests" runstate="Runnable" seed="789134656" result="Passed" start-time="2026-05-26 11:11:02Z" end-time="2026-05-26 11:11:02Z" duration="0.001201" asserts="0">
          <properties>
            <property name="retryIteration" value="0" />
            <property name="repeatIteration" value="0" />
          </properties>
        </test-case>
        <test-case id="1041" name="CombatVision_ForgetsEnemyAfterSearchTimeout" fullname="CombatTeamVisionTests.CombatVision_ForgetsEnemyAfterSearchTimeout" methodname="CombatVision_ForgetsEnemyAfterSearchTimeout" classname="CombatTeamVisionTests" runstate="Runnable" seed="1775787960" result="Failed" start-time="2026-05-26 11:11:02Z" end-time="2026-05-26 11:11:02Z" duration="0.002433" asserts="0">
          <properties>
            <property name="retryIteration" value="0" />
            <property name="repeatIteration" value="0" />
          </properties>
          <failure>
            <message><![CDATA[  Expected: False
  But was:  True
]]></message>
            <stack-trace><![CDATA[at CombatTeamVisionTests.CombatVision_ForgetsEnemyAfterSearchTimeout () [0x00119] in /Users/fukutomi/Unity/WarSimulation/Assets/Tests/EditMode/CombatTeamVisionTests.cs:219
]]></stack-trace>
          </failure>
        </test-case>
        <test-case id="1038" name="CombatVision_ReceiveSharedMemoryUpdatesLastKnownPosition" fullname="CombatTeamVisionTests.CombatVision_ReceiveSharedMemoryUpdatesLastKnownPosition" methodname="CombatVision_ReceiveSharedMemoryUpdatesLastKnownPosition" classname="CombatTeamVisionTests" runstate="Runnable" seed="75478876" result="Passed" start-time="2026-05-26 11:11:02Z" end-time="2026-05-26 11:11:02Z" duration="0.001345" asserts="0">
          <properties>
            <property name="retryIteration" value="0" />
            <property name="repeatIteration" value="0" />
          </properties>
        </test-case>
        <test-case id="1040" name="CombatVision_RemembersEnemyAfterLineOfSightLost" fullname="CombatTeamVisionTests.CombatVision_RemembersEnemyAfterLineOfSightLost" methodname="CombatVision_RemembersEnemyAfterLineOfSightLost" classname="CombatTeamVisionTests" runstate="Runnable" seed="1691162152" result="Passed" start-time="2026-05-26 11:11:02Z" end-time="2026-05-26 11:11:02Z" duration="0.000683" asserts="0">
          <properties>
            <property name="retryIteration" value="0" />
            <property name="repeatIteration" value="0" />
          </properties>
        </test-case>
        <test-case id="1039" name="CombatVision_TracksVisibleEnemiesAndLastKnownPosition" fullname="CombatTeamVisionTests.CombatVision_TracksVisibleEnemiesAndLastKnownPosition" methodname="CombatVision_TracksVisibleEnemiesAndLastKnownPosition" classname="CombatTeamVisionTests" runstate="Runnable" seed="1922389726" result="Passed" start-time="2026-05-26 11:11:02Z" end-time="2026-05-26 11:11:02Z" duration="0.000562" asserts="0">
          <properties>
            <property name="retryIteration" value="0" />
            <property name="repeatIteration" value="0" />
          </properties>
        </test-case>
      </test-suite>
      <test-suite type="TestFixture" id="1042" name="CombatTraversalTests" fullname="CombatTraversalTests" classname="CombatTraversalTests" runstate="Runnable" testcasecount="6" result="Passed" start-time="2026-05-26 11:11:02Z" end-time="2026-05-26 11:11:02Z" duration="0.007052" total="6" passed="6" failed="0" inconclusive="0" skipped="0" asserts="0">
        <properties />
        <test-case id="1044" name="CanStandAt_AllowsSteepSlopeBecauseNavMeshOwnsWalkability" fullname="CombatTraversalTests.CanStandAt_AllowsSteepSlopeBecauseNavMeshOwnsWalkability" methodname="CanStandAt_AllowsSteepSlopeBecauseNavMeshOwnsWalkability" classname="CombatTraversalTests" runstate="Runnable" seed="1813822061" result="Passed" start-time="2026-05-26 11:11:02Z" end-time="2026-05-26 11:11:02Z" duration="0.000701" asserts="0">
          <properties>
            <property name="retryIteration" value="0" />
            <property name="repeatIteration" value="0" />
          </properties>
        </test-case>
        <test-case id="1045" name="CanStandAt_AllowsWaterEvenWhenUnderlyingTerrainIsSteep" fullname="CombatTraversalTests.CanStandAt_AllowsWaterEvenWhenUnderlyingTerrainIsSteep" methodname="CanStandAt_AllowsWaterEvenWhenUnderlyingTerrainIsSteep" classname="CombatTraversalTests" runstate="Runnable" seed="1709846123" result="Passed" start-time="2026-05-26 11:11:02Z" end-time="2026-05-26 11:11:02Z" duration="0.000179" asserts="0">
          <properties>
            <property name="retryIteration" value="0" />
            <property name="repeatIteration" value="0" />
          </properties>
        </test-case>
        <test-case id="1043" name="CanStandAt_RejectsOutOfBoundsButAllowsMapTerrainDetails" fullname="CombatTraversalTests.CanStandAt_RejectsOutOfBoundsButAllowsMapTerrainDetails" methodname="CanStandAt_RejectsOutOfBoundsButAllowsMapTerrainDetails" classname="CombatTraversalTests" runstate="Runnable" seed="799902954" result="Passed" start-time="2026-05-26 11:11:02Z" end-time="2026-05-26 11:11:02Z" duration="0.000221" asserts="0">
          <properties>
            <property name="retryIteration" value="0" />
            <property name="repeatIteration" value="0" />
          </properties>
        </test-case>
        <test-case id="1046" name="TryGetTraversalInfo_ReturnsGroundStateSpeedMultipliers" fullname="CombatTraversalTests.TryGetTraversalInfo_ReturnsGroundStateSpeedMultipliers" methodname="TryGetTraversalInfo_ReturnsGroundStateSpeedMultipliers" classname="CombatTraversalTests" runstate="Runnable" seed="270109797" result="Passed" start-time="2026-05-26 11:11:02Z" end-time="2026-05-26 11:11:02Z" duration="0.000360" asserts="0">
          <properties>
            <property name="retryIteration" value="0" />
            <property name="repeatIteration" value="0" />
          </properties>
        </test-case>
        <test-case id="1047" name="TryGetTraversalInfo_UsesCurrentGroundState" fullname="CombatTraversalTests.TryGetTraversalInfo_UsesCurrentGroundState" methodname="TryGetTraversalInfo_UsesCurrentGroundState" classname="CombatTraversalTests" runstate="Runnable" seed="1437793619" result="Passed" start-time="2026-05-26 11:11:02Z" end-time="2026-05-26 11:11:02Z" duration="0.000162" asserts="0">
          <properties>
            <property name="retryIteration" value="0" />
            <property name="repeatIteration" value="0" />
          </properties>
        </test-case>
        <test-case id="1048" name="TryGetTraversalInfo_UsesNormalSpeedOnAndNearBridge" fullname="CombatTraversalTests.TryGetTraversalInfo_UsesNormalSpeedOnAndNearBridge" methodname="TryGetTraversalInfo_UsesNormalSpeedOnAndNearBridge" classname="CombatTraversalTests" runstate="Runnable" seed="1955469776" result="Passed" start-time="2026-05-26 11:11:02Z" end-time="2026-05-26 11:11:02Z" duration="0.000357" asserts="0">
          <properties>
            <property name="retryIteration" value="0" />
            <property name="repeatIteration" value="0" />
          </properties>
        </test-case>
      </test-suite>
      <test-suite type="TestFixture" id="1049" name="LakePhaseTests" fullname="LakePhaseTests" classname="LakePhaseTests" runstate="Runnable" testcasecount="2" result="Passed" start-time="2026-05-26 11:11:02Z" end-time="2026-05-26 11:11:02Z" duration="0.007311" total="2" passed="2" failed="0" inconclusive="0" skipped="0" asserts="0">
        <properties />
        <test-case id="1051" name="Execute_PlacesLakeOnHeightZeroFootprint" fullname="LakePhaseTests.Execute_PlacesLakeOnHeightZeroFootprint" methodname="Execute_PlacesLakeOnHeightZeroFootprint" classname="LakePhaseTests" runstate="Runnable" seed="781440540" result="Passed" start-time="2026-05-26 11:11:02Z" end-time="2026-05-26 11:11:02Z" duration="0.001836" asserts="0">
          <properties>
            <property name="retryIteration" value="0" />
            <property name="repeatIteration" value="0" />
          </properties>
        </test-case>
        <test-case id="1050" name="Execute_SkipsLakeWhenFootprintIsNotHeightZero" fullname="LakePhaseTests.Execute_SkipsLakeWhenFootprintIsNotHeightZero" methodname="Execute_SkipsLakeWhenFootprintIsNotHeightZero" classname="LakePhaseTests" runstate="Runnable" seed="1204713303" result="Passed" start-time="2026-05-26 11:11:02Z" end-time="2026-05-26 11:11:02Z" duration="0.000235" asserts="0">
          <properties>
            <property name="retryIteration" value="0" />
            <property name="repeatIteration" value="0" />
          </properties>
        </test-case>
      </test-suite>
      <test-suite type="TestFixture" id="1052" name="MountainPhaseTests" fullname="MountainPhaseTests" classname="MountainPhaseTests" runstate="Runnable" testcasecount="1" result="Passed" start-time="2026-05-26 11:11:02Z" end-time="2026-05-26 11:11:02Z" duration="0.006875" total="1" passed="1" failed="0" inconclusive="0" skipped="0" asserts="0">
        <properties />
        <test-case id="1053" name="Execute_PlacesLargeMountainAndSmallMountainsWithMetadata" fullname="MountainPhaseTests.Execute_PlacesLargeMountainAndSmallMountainsWithMetadata" methodname="Execute_PlacesLargeMountainAndSmallMountainsWithMetadata" classname="MountainPhaseTests" runstate="Runnable" seed="122603904" result="Passed" start-time="2026-05-26 11:11:02Z" end-time="2026-05-26 11:11:02Z" duration="0.003155" asserts="0">
          <properties>
            <property name="retryIteration" value="0" />
            <property name="repeatIteration" value="0" />
          </properties>
        </test-case>
      </test-suite>
      <test-suite type="TestFixture" id="1054" name="PlainPersonalityTests" fullname="PlainPersonalityTests" classname="PlainPersonalityTests" runstate="Runnable" testcasecount="5" result="Failed" site="Child" start-time="2026-05-26 11:11:02Z" end-time="2026-05-26 11:11:02Z" duration="0.008844" total="5" passed="1" failed="4" inconclusive="0" skipped="0" asserts="0">
        <properties />
        <failure>
          <message><![CDATA[One or more child tests had errors]]></message>
        </failure>
        <test-case id="1058" name="DecidePlan_LeavesSkillEmptyWhenNoSkillScoresAboveZero" fullname="PlainPersonalityTests.DecidePlan_LeavesSkillEmptyWhenNoSkillScoresAboveZero" methodname="DecidePlan_LeavesSkillEmptyWhenNoSkillScoresAboveZero" classname="PlainPersonalityTests" runstate="Runnable" seed="1482192282" result="Failed" label="Error" start-time="2026-05-26 11:11:02Z" end-time="2026-05-26 11:11:02Z" duration="0.001088" asserts="0">
          <properties>
            <property name="retryIteration" value="0" />
            <property name="repeatIteration" value="0" />
          </properties>
          <failure>
            <message><![CDATA[System.NullReferenceException : Object reference not set to an instance of an object]]></message>
            <stack-trace><![CDATA[  at PlainPersonalityTests.SetPrivateField (System.Object target, System.String fieldName, System.Object value) [0x00000] in /Users/fukutomi/Unity/WarSimulation/Assets/Tests/EditMode/PlainPersonalityTests.cs:166 
  at PlainPersonalityTests.BindPersonalityReferences (PlainPersonality personality, CombatCharacterSystem system, CombatMapSystem mapSystem) [0x00000] in /Users/fukutomi/Unity/WarSimulation/Assets/Tests/EditMode/PlainPersonalityTests.cs:160 
  at PlainPersonalityTests.CreateFixture (System.Boolean withEnemyStone, System.Boolean useTrackingPersonality) [0x0019c] in /Users/fukutomi/Unity/WarSimulation/Assets/Tests/EditMode/PlainPersonalityTests.cs:139 
  at PlainPersonalityTests.DecidePlan_LeavesSkillEmptyWhenNoSkillScoresAboveZero () [0x00000] in /Users/fukutomi/Unity/WarSimulation/Assets/Tests/EditMode/PlainPersonalityTests.cs:70 
  at (wrapper managed-to-native) System.Reflection.RuntimeMethodInfo.InternalInvoke(System.Reflection.RuntimeMethodInfo,object,object[],System.Exception&)
  at System.Reflection.RuntimeMethodInfo.Invoke (System.Object obj, System.Reflection.BindingFlags invokeAttr, System.Reflection.Binder binder, System.Object[] parameters, System.Globalization.CultureInfo culture) [0x0006a] in <67e9686a86934ae8b0ef7cc81c6b4608>:0 ]]></stack-trace>
          </failure>
        </test-case>
        <test-case id="1055" name="DecidePlan_SelectsDestroyEnemyStoneWhenEnemyStoneExists" fullname="PlainPersonalityTests.DecidePlan_SelectsDestroyEnemyStoneWhenEnemyStoneExists" methodname="DecidePlan_SelectsDestroyEnemyStoneWhenEnemyStoneExists" classname="PlainPersonalityTests" runstate="Runnable" seed="28483126" result="Failed" label="Error" start-time="2026-05-26 11:11:02Z" end-time="2026-05-26 11:11:02Z" duration="0.000362" asserts="0">
          <properties>
            <property name="retryIteration" value="0" />
            <property name="repeatIteration" value="0" />
          </properties>
          <failure>
            <message><![CDATA[System.NullReferenceException : Object reference not set to an instance of an object]]></message>
            <stack-trace><![CDATA[  at PlainPersonalityTests.SetPrivateField (System.Object target, System.String fieldName, System.Object value) [0x00000] in /Users/fukutomi/Unity/WarSimulation/Assets/Tests/EditMode/PlainPersonalityTests.cs:166 
  at PlainPersonalityTests.BindPersonalityReferences (PlainPersonality personality, CombatCharacterSystem system, CombatMapSystem mapSystem) [0x00000] in /Users/fukutomi/Unity/WarSimulation/Assets/Tests/EditMode/PlainPersonalityTests.cs:160 
  at PlainPersonalityTests.CreateFixture (System.Boolean withEnemyStone, System.Boolean useTrackingPersonality) [0x0019c] in /Users/fukutomi/Unity/WarSimulation/Assets/Tests/EditMode/PlainPersonalityTests.cs:139 
  at PlainPersonalityTests.DecidePlan_SelectsDestroyEnemyStoneWhenEnemyStoneExists () [0x00000] in /Users/fukutomi/Unity/WarSimulation/Assets/Tests/EditMode/PlainPersonalityTests.cs:12 
  at (wrapper managed-to-native) System.Reflection.RuntimeMethodInfo.InternalInvoke(System.Reflection.RuntimeMethodInfo,object,object[],System.Exception&)
  at System.Reflection.RuntimeMethodInfo.Invoke (System.Object obj, System.Reflection.BindingFlags invokeAttr, System.Reflection.Binder binder, System.Object[] parameters, System.Globalization.CultureInfo culture) [0x0006a] in <67e9686a86934ae8b0ef7cc81c6b4608>:0 ]]></stack-trace>
          </failure>
        </test-case>
        <test-case id="1057" name="DecidePlan_SelectsHighestScoringReadySkill" fullname="PlainPersonalityTests.DecidePlan_SelectsHighestScoringReadySkill" methodname="DecidePlan_SelectsHighestScoringReadySkill" classname="PlainPersonalityTests" runstate="Runnable" seed="155318405" result="Failed" label="Error" start-time="2026-05-26 11:11:02Z" end-time="2026-05-26 11:11:02Z" duration="0.000316" asserts="0">
          <properties>
            <property name="retryIteration" value="0" />
            <property name="repeatIteration" value="0" />
          </properties>
          <failure>
            <message><![CDATA[System.NullReferenceException : Object reference not set to an instance of an object]]></message>
            <stack-trace><![CDATA[  at PlainPersonalityTests.SetPrivateField (System.Object target, System.String fieldName, System.Object value) [0x00000] in /Users/fukutomi/Unity/WarSimulation/Assets/Tests/EditMode/PlainPersonalityTests.cs:166 
  at PlainPersonalityTests.BindPersonalityReferences (PlainPersonality personality, CombatCharacterSystem system, CombatMapSystem mapSystem) [0x00000] in /Users/fukutomi/Unity/WarSimulation/Assets/Tests/EditMode/PlainPersonalityTests.cs:160 
  at PlainPersonalityTests.CreateFixture (System.Boolean withEnemyStone, System.Boolean useTrackingPersonality) [0x0019c] in /Users/fukutomi/Unity/WarSimulation/Assets/Tests/EditMode/PlainPersonalityTests.cs:139 
  at PlainPersonalityTests.DecidePlan_SelectsHighestScoringReadySkill () [0x00000] in /Users/fukutomi/Unity/WarSimulation/Assets/Tests/EditMode/PlainPersonalityTests.cs:47 
  at (wrapper managed-to-native) System.Reflection.RuntimeMethodInfo.InternalInvoke(System.Reflection.RuntimeMethodInfo,object,object[],System.Exception&)
  at System.Reflection.RuntimeMethodInfo.Invoke (System.Object obj, System.Reflection.BindingFlags invokeAttr, System.Reflection.Binder binder, System.Object[] parameters, System.Globalization.CultureInfo culture) [0x0006a] in <67e9686a86934ae8b0ef7cc81c6b4608>:0 ]]></stack-trace>
          </failure>
        </test-case>
        <test-case id="1056" name="DecidePlan_SelectsSearchWhenEnemyStoneIsMissing" fullname="PlainPersonalityTests.DecidePlan_SelectsSearchWhenEnemyStoneIsMissing" methodname="DecidePlan_SelectsSearchWhenEnemyStoneIsMissing" classname="PlainPersonalityTests" runstate="Runnable" seed="1678812580" result="Failed" label="Error" start-time="2026-05-26 11:11:02Z" end-time="2026-05-26 11:11:02Z" duration="0.000305" asserts="0">
          <properties>
            <property name="retryIteration" value="0" />
            <property name="repeatIteration" value="0" />
          </properties>
          <failure>
            <message><![CDATA[System.NullReferenceException : Object reference not set to an instance of an object]]></message>
            <stack-trace><![CDATA[  at PlainPersonalityTests.SetPrivateField (System.Object target, System.String fieldName, System.Object value) [0x00000] in /Users/fukutomi/Unity/WarSimulation/Assets/Tests/EditMode/PlainPersonalityTests.cs:166 
  at PlainPersonalityTests.BindPersonalityReferences (PlainPersonality personality, CombatCharacterSystem system, CombatMapSystem mapSystem) [0x00000] in /Users/fukutomi/Unity/WarSimulation/Assets/Tests/EditMode/PlainPersonalityTests.cs:160 
  at PlainPersonalityTests.CreateFixture (System.Boolean withEnemyStone, System.Boolean useTrackingPersonality) [0x0019c] in /Users/fukutomi/Unity/WarSimulation/Assets/Tests/EditMode/PlainPersonalityTests.cs:139 
  at PlainPersonalityTests.DecidePlan_SelectsSearchWhenEnemyStoneIsMissing () [0x00000] in /Users/fukutomi/Unity/WarSimulation/Assets/Tests/EditMode/PlainPersonalityTests.cs:30 
  at (wrapper managed-to-native) System.Reflection.RuntimeMethodInfo.InternalInvoke(System.Reflection.RuntimeMethodInfo,object,object[],System.Exception&)
  at System.Reflection.RuntimeMethodInfo.Invoke (System.Object obj, System.Reflection.BindingFlags invokeAttr, System.Reflection.Binder binder, System.Object[] parameters, System.Globalization.CultureInfo culture) [0x0006a] in <67e9686a86934ae8b0ef7cc81c6b4608>:0 ]]></stack-trace>
          </failure>
        </test-case>
        <test-case id="1059" name="Tick_SendsPlanDestinationToMovement" fullname="PlainPersonalityTests.Tick_SendsPlanDestinationToMovement" methodname="Tick_SendsPlanDestinationToMovement" classname="PlainPersonalityTests" runstate="Runnable" seed="241257669" result="Passed" start-time="2026-05-26 11:11:02Z" end-time="2026-05-26 11:11:02Z" duration="0.003748" asserts="0">
          <properties>
            <property name="retryIteration" value="0" />
            <property name="repeatIteration" value="0" />
          </properties>
        </test-case>
      </test-suite>
      <test-suite type="TestFixture" id="1060" name="RiverPhaseTests" fullname="RiverPhaseTests" classname="RiverPhaseTests" runstate="Runnable" testcasecount="4" result="Passed" start-time="2026-05-26 11:11:02Z" end-time="2026-05-26 11:11:03Z" duration="0.010410" total="4" passed="4" failed="0" inconclusive="0" skipped="0" asserts="0">
        <properties />
        <test-case id="1061" name="Execute_CreatesRiverThroughHeightZeroCellsAndAvoidsMountainExtent" fullname="RiverPhaseTests.Execute_CreatesRiverThroughHeightZeroCellsAndAvoidsMountainExtent" methodname="Execute_CreatesRiverThroughHeightZeroCellsAndAvoidsMountainExtent" classname="RiverPhaseTests" runstate="Runnable" seed="794471770" result="Passed" start-time="2026-05-26 11:11:03Z" end-time="2026-05-26 11:11:03Z" duration="0.004853" asserts="0">
          <properties>
            <property name="retryIteration" value="0" />
            <property name="repeatIteration" value="0" />
          </properties>
        </test-case>
        <test-case id="1063" name="Execute_DoesNotFallBackToStraightPathWhenMeanderLeavesHeightZeroCells" fullname="RiverPhaseTests.Execute_DoesNotFallBackToStraightPathWhenMeanderLeavesHeightZeroCells" methodname="Execute_DoesNotFallBackToStraightPathWhenMeanderLeavesHeightZeroCells" classname="RiverPhaseTests" runstate="Runnable" seed="346919503" result="Passed" start-time="2026-05-26 11:11:03Z" end-time="2026-05-26 11:11:03Z" duration="0.000584" asserts="0">
          <properties>
            <property name="retryIteration" value="0" />
            <property name="repeatIteration" value="0" />
          </properties>
        </test-case>
        <test-case id="1064" name="Execute_SkipsRiverWhenNoHeightZeroEndpointExists" fullname="RiverPhaseTests.Execute_SkipsRiverWhenNoHeightZeroEndpointExists" methodname="Execute_SkipsRiverWhenNoHeightZeroEndpointExists" classname="RiverPhaseTests" runstate="Runnable" seed="1546416010" result="Passed" start-time="2026-05-26 11:11:03Z" end-time="2026-05-26 11:11:03Z" duration="0.001394" asserts="0">
          <properties>
            <property name="retryIteration" value="0" />
            <property name="repeatIteration" value="0" />
          </properties>
        </test-case>
        <test-case id="1062" name="Execute_TriesMultipleAnglesForSameCenterCandidate" fullname="RiverPhaseTests.Execute_TriesMultipleAnglesForSameCenterCandidate" methodname="Execute_TriesMultipleAnglesForSameCenterCandidate" classname="RiverPhaseTests" runstate="Runnable" seed="1629263713" result="Passed" start-time="2026-05-26 11:11:03Z" end-time="2026-05-26 11:11:03Z" duration="0.000284" asserts="0">
          <properties>
            <property name="retryIteration" value="0" />
            <property name="repeatIteration" value="0" />
          </properties>
        </test-case>
      </test-suite>
      <test-suite type="TestFixture" id="1065" name="TreePlacementPhaseTests" fullname="TreePlacementPhaseTests" classname="TreePlacementPhaseTests" runstate="Runnable" testcasecount="4" result="Passed" start-time="2026-05-26 11:11:03Z" end-time="2026-05-26 11:11:03Z" duration="0.007231" total="4" passed="4" failed="0" inconclusive="0" skipped="0" asserts="0">
        <properties />
        <test-case id="1069" name="ForestCluster_SkipsRiverCorridorForGridAndFallbackCandidates" fullname="TreePlacementPhaseTests.ForestCluster_SkipsRiverCorridorForGridAndFallbackCandidates" methodname="ForestCluster_SkipsRiverCorridorForGridAndFallbackCandidates" classname="TreePlacementPhaseTests" runstate="Runnable" seed="18594176" result="Passed" start-time="2026-05-26 11:11:03Z" end-time="2026-05-26 11:11:03Z" duration="0.001726" asserts="0">
          <properties>
            <property name="retryIteration" value="0" />
            <property name="repeatIteration" value="0" />
          </properties>
        </test-case>
        <test-case id="1068" name="TreeScatter_AllowsNormalNonCliffCell" fullname="TreePlacementPhaseTests.TreeScatter_AllowsNormalNonCliffCell" methodname="TreeScatter_AllowsNormalNonCliffCell" classname="TreePlacementPhaseTests" runstate="Runnable" seed="1596375852" result="Passed" start-time="2026-05-26 11:11:03Z" end-time="2026-05-26 11:11:03Z" duration="0.000634" asserts="0">
          <properties>
            <property name="retryIteration" value="0" />
            <property name="repeatIteration" value="0" />
          </properties>
        </test-case>
        <test-case id="1067" name="TreeScatter_SkipsCliffFaceCell" fullname="TreePlacementPhaseTests.TreeScatter_SkipsCliffFaceCell" methodname="TreeScatter_SkipsCliffFaceCell" classname="TreePlacementPhaseTests" runstate="Runnable" seed="86420196" result="Passed" start-time="2026-05-26 11:11:03Z" end-time="2026-05-26 11:11:03Z" duration="0.000293" asserts="0">
          <properties>
            <property name="retryIteration" value="0" />
            <property name="repeatIteration" value="0" />
          </properties>
        </test-case>
        <test-case id="1066" name="TreeScatter_SkipsRiverCorridorOutsideWaterTag" fullname="TreePlacementPhaseTests.TreeScatter_SkipsRiverCorridorOutsideWaterTag" methodname="TreeScatter_SkipsRiverCorridorOutsideWaterTag" classname="TreePlacementPhaseTests" runstate="Runnable" seed="2086374708" result="Passed" start-time="2026-05-26 11:11:03Z" end-time="2026-05-26 11:11:03Z" duration="0.000240" asserts="0">
          <properties>
            <property name="retryIteration" value="0" />
            <property name="repeatIteration" value="0" />
          </properties>
        </test-case>
      </test-suite>
      <test-suite type="TestFixture" id="1070" name="WeaponConfigTests" fullname="WeaponConfigTests" classname="WeaponConfigTests" runstate="Runnable" testcasecount="8" result="Passed" start-time="2026-05-26 11:11:03Z" end-time="2026-05-26 11:11:03Z" duration="0.006943" total="8" passed="8" failed="0" inconclusive="0" skipped="0" asserts="0">
        <properties />
        <test-case id="1075" name="ApplyKindDefaults_Sword_HasChaseEnemyBias" fullname="WeaponConfigTests.ApplyKindDefaults_Sword_HasChaseEnemyBias" methodname="ApplyKindDefaults_Sword_HasChaseEnemyBias" classname="WeaponConfigTests" runstate="Runnable" seed="1914103496" result="Passed" start-time="2026-05-26 11:11:03Z" end-time="2026-05-26 11:11:03Z" duration="0.000278" asserts="0">
          <properties>
            <property name="retryIteration" value="0" />
            <property name="repeatIteration" value="0" />
          </properties>
        </test-case>
        <test-case id="1074" name="ApplyKindDefaults_Wand_HasHideInForestBias" fullname="WeaponConfigTests.ApplyKindDefaults_Wand_HasHideInForestBias" methodname="ApplyKindDefaults_Wand_HasHideInForestBias" classname="WeaponConfigTests" runstate="Runnable" seed="917460718" result="Passed" start-time="2026-05-26 11:11:03Z" end-time="2026-05-26 11:11:03Z" duration="0.000099" asserts="0">
          <properties>
            <property name="retryIteration" value="0" />
            <property name="repeatIteration" value="0" />
          </properties>
        </test-case>
        <test-case id="1076" name="Character_AppliesInitialWeaponConfig_OnApply" fullname="WeaponConfigTests.Character_AppliesInitialWeaponConfig_OnApply" methodname="Character_AppliesInitialWeaponConfig_OnApply" classname="WeaponConfigTests" runstate="Runnable" seed="1537160211" result="Passed" start-time="2026-05-26 11:11:03Z" end-time="2026-05-26 11:11:03Z" duration="0.000784" asserts="0">
          <properties>
            <property name="retryIteration" value="0" />
            <property name="repeatIteration" value="0" />
          </properties>
        </test-case>
        <test-case id="1078" name="Character_InitializeOnBattleStart_ReappliesWeaponFromConfig" fullname="WeaponConfigTests.Character_InitializeOnBattleStart_ReappliesWeaponFromConfig" methodname="Character_InitializeOnBattleStart_ReappliesWeaponFromConfig" classname="WeaponConfigTests" runstate="Runnable" seed="1282786289" result="Passed" start-time="2026-05-26 11:11:03Z" end-time="2026-05-26 11:11:03Z" duration="0.000316" asserts="0">
          <properties>
            <property name="retryIteration" value="0" />
            <property name="repeatIteration" value="0" />
          </properties>
        </test-case>
        <test-case id="1077" name="Character_WithoutInitialWeaponConfig_StaysUnarmed" fullname="WeaponConfigTests.Character_WithoutInitialWeaponConfig_StaysUnarmed" methodname="Character_WithoutInitialWeaponConfig_StaysUnarmed" classname="WeaponConfigTests" runstate="Runnable" seed="552389783" result="Passed" start-time="2026-05-26 11:11:03Z" end-time="2026-05-26 11:11:03Z" duration="0.000249" asserts="0">
          <properties>
            <property name="retryIteration" value="0" />
            <property name="repeatIteration" value="0" />
          </properties>
        </test-case>
        <test-case id="1072" name="CreateWeapon_AllKinds_ProduceExpectedWeaponTypes" fullname="WeaponConfigTests.CreateWeapon_AllKinds_ProduceExpectedWeaponTypes" methodname="CreateWeapon_AllKinds_ProduceExpectedWeaponTypes" classname="WeaponConfigTests" runstate="Runnable" seed="1585555074" result="Passed" start-time="2026-05-26 11:11:03Z" end-time="2026-05-26 11:11:03Z" duration="0.000261" asserts="0">
          <properties>
            <property name="retryIteration" value="0" />
            <property name="repeatIteration" value="0" />
          </properties>
        </test-case>
        <test-case id="1073" name="CreateWeapon_CustomValues_AreApplied" fullname="WeaponConfigTests.CreateWeapon_CustomValues_AreApplied" methodname="CreateWeapon_CustomValues_AreApplied" classname="WeaponConfigTests" runstate="Runnable" seed="724839578" result="Passed" start-time="2026-05-26 11:11:03Z" end-time="2026-05-26 11:11:03Z" duration="0.000243" asserts="0">
          <properties>
            <property name="retryIteration" value="0" />
            <property name="repeatIteration" value="0" />
          </properties>
        </test-case>
        <test-case id="1071" name="CreateWeapon_SwordConfig_MatchesDefaultSwordValues" fullname="WeaponConfigTests.CreateWeapon_SwordConfig_MatchesDefaultSwordValues" methodname="CreateWeapon_SwordConfig_MatchesDefaultSwordValues" classname="WeaponConfigTests" runstate="Runnable" seed="1927390493" result="Passed" start-time="2026-05-26 11:11:03Z" end-time="2026-05-26 11:11:03Z" duration="0.000173" asserts="0">
          <properties>
            <property name="retryIteration" value="0" />
            <property name="repeatIteration" value="0" />
          </properties>
          <output><![CDATA[Saving results to: /Users/fukutomi/Library/Application Support/DefaultCompany/WarSimulation1/TestResults.xml
]]></output>
        </test-case>
      </test-suite>
    </test-suite>
  </test-suite>
</test-run>